c:\02software\madocalib-vs2022\madocalib-vs2022\x64\debug\vc143.pdb
c:\02software\madocalib-vs2022\madocalib-vs2022\x64\debug\vc143.idb
c:\02software\madocalib-vs2022\madocalib-vs2022\x64\debug\sbas.obj
c:\02software\madocalib-vs2022\madocalib-vs2022\x64\debug\rtkpos.obj
c:\02software\madocalib-vs2022\madocalib-vs2022\x64\debug\rtkcmn.obj
c:\02software\madocalib-vs2022\madocalib-vs2022\x64\debug\rtcm3e.obj
c:\02software\madocalib-vs2022\madocalib-vs2022\x64\debug\rtcm3.obj
c:\02software\madocalib-vs2022\madocalib-vs2022\x64\debug\rtcm2.obj
c:\02software\madocalib-vs2022\madocalib-vs2022\x64\debug\rtcm.obj
c:\02software\madocalib-vs2022\madocalib-vs2022\x64\debug\rnx2rtkp.obj
c:\02software\madocalib-vs2022\madocalib-vs2022\x64\debug\rinex.obj
c:\02software\madocalib-vs2022\madocalib-vs2022\x64\debug\preceph.obj
c:\02software\madocalib-vs2022\madocalib-vs2022\x64\debug\ppp_ar.obj
c:\02software\madocalib-vs2022\madocalib-vs2022\x64\debug\ppp.obj
c:\02software\madocalib-vs2022\madocalib-vs2022\x64\debug\postpos.obj
c:\02software\madocalib-vs2022\madocalib-vs2022\x64\debug\pntpos.obj
c:\02software\madocalib-vs2022\madocalib-vs2022\x64\debug\options.obj
c:\02software\madocalib-vs2022\madocalib-vs2022\x64\debug\mdccssr.obj
c:\02software\madocalib-vs2022\madocalib-vs2022\x64\debug\lambda.obj
c:\02software\madocalib-vs2022\madocalib-vs2022\x64\debug\ionex.obj
c:\02software\madocalib-vs2022\madocalib-vs2022\x64\debug\geoid.obj
c:\02software\madocalib-vs2022\madocalib-vs2022\x64\debug\ephemeris.obj
c:\02software\madocalib-vs2022\madocalib-vs2022\x64\debug\tides.obj
c:\02software\madocalib-vs2022\madocalib-vs2022\x64\debug\solution.obj
c:\02software\madocalib-vs2022\madocalib-vs2022\x64\debug\madocalib-vs2022.exp
c:\02software\madocalib-vs2022\madocalib-vs2022\x64\debug\madocalib-vs2022.pdb
c:\02software\madocalib-vs2022\madocalib-vs2022\x64\debug\madocalib-vs2022.tlog\cl.command.1.tlog
c:\02software\madocalib-vs2022\madocalib-vs2022\x64\debug\madocalib-vs2022.tlog\cl.read.1.tlog
c:\02software\madocalib-vs2022\madocalib-vs2022\x64\debug\madocalib-vs2022.tlog\cl.write.1.tlog
c:\02software\madocalib-vs2022\madocalib-vs2022\x64\debug\madocalib-vs2022.tlog\link-cvtres.read.1.tlog
c:\02software\madocalib-vs2022\madocalib-vs2022\x64\debug\madocalib-vs2022.tlog\link-cvtres.write.1.tlog
c:\02software\madocalib-vs2022\madocalib-vs2022\x64\debug\madocalib-vs2022.tlog\link-rc.read.1.tlog
c:\02software\madocalib-vs2022\madocalib-vs2022\x64\debug\madocalib-vs2022.tlog\link-rc.write.1.tlog
c:\02software\madocalib-vs2022\madocalib-vs2022\x64\debug\madocalib-vs2022.tlog\link.command.1.tlog
c:\02software\madocalib-vs2022\madocalib-vs2022\x64\debug\madocalib-vs2022.tlog\link.delete.1.tlog
c:\02software\madocalib-vs2022\madocalib-vs2022\x64\debug\madocalib-vs2022.tlog\link.read.1.tlog
c:\02software\madocalib-vs2022\madocalib-vs2022\x64\debug\madocalib-vs2022.tlog\link.read.2.tlog
c:\02software\madocalib-vs2022\madocalib-vs2022\x64\debug\madocalib-vs2022.tlog\link.write.1.tlog
